<?xml version="1.0" encoding="utf-8"?><testsuites name="pytest tests"><testsuite name="pytest" errors="0" failures="0" skipped="0" tests="41" time="52.983" timestamp="2026-04-21T17:01:12.222280+00:00" hostname="agent-env-2bb45292-84b7-49ac-a20c-6edc1d86e625"><testcase classname="backend.tests.test_ecolens" name="test_root" time="0.289" /><testcase classname="backend.tests.test_ecolens" name="test_stats" time="0.066" /><testcase classname="backend.tests.test_ecolens" name="test_list_all" time="0.057" /><testcase classname="backend.tests.test_ecolens" name="test_filter_category" time="0.080" /><testcase classname="backend.tests.test_ecolens" name="test_search_query" time="0.062" /><testcase classname="backend.tests.test_ecolens" name="test_categories" time="0.062" /><testcase classname="backend.tests.test_ecolens" name="test_new_packaging_detail[mushroom-packaging]" time="0.060" /><testcase classname="backend.tests.test_ecolens" name="test_new_packaging_detail[aluminium-coffee-capsule]" time="0.056" /><testcase classname="backend.tests.test_ecolens" name="test_new_packaging_detail[wine-glass-bottle]" time="0.061" /><testcase classname="backend.tests.test_ecolens" name="test_new_packaging_detail[pla-cold-cup]" time="0.054" /><testcase classname="backend.tests.test_ecolens" name="test_new_packaging_detail[molded-pulp-tray]" time="0.052" /><testcase classname="backend.tests.test_ecolens" name="test_new_packaging_detail[rigid-cardboard-box]" time="0.052" /><testcase classname="backend.tests.test_ecolens" name="test_new_packaging_detail[hdpe-milk-jug]" time="0.066" /><testcase classname="backend.tests.test_ecolens" name="test_new_packaging_detail[paper-straw]" time="0.067" /><testcase classname="backend.tests.test_ecolens" name="test_new_packaging_detail[pet-salad-clamshell]" time="0.054" /><testcase classname="backend.tests.test_ecolens" name="test_new_packaging_detail[reusable-steel-bottle]" time="0.057" /><testcase classname="backend.tests.test_ecolens" name="test_i18n_locales[en]" time="0.052" /><testcase classname="backend.tests.test_ecolens" name="test_i18n_locales[it]" time="0.050" /><testcase classname="backend.tests.test_ecolens" name="test_i18n_locales[de]" time="0.048" /><testcase classname="backend.tests.test_ecolens" name="test_i18n_locales[pl]" time="0.052" /><testcase classname="backend.tests.test_ecolens" name="test_i18n_invalid" time="0.050" /><testcase classname="backend.tests.test_ecolens" name="test_root_reports_i18n_and_ai" time="0.050" /><testcase classname="backend.tests.test_ecolens" name="test_card_png[glass-milk-bottle]" time="0.149" /><testcase classname="backend.tests.test_ecolens" name="test_card_png[pet-water-bottle]" time="0.144" /><testcase classname="backend.tests.test_ecolens" name="test_card_png[mushroom-packaging]" time="0.147" /><testcase classname="backend.tests.test_ecolens" name="test_card_png_404" time="0.050" /><testcase classname="backend.tests.test_ecolens" name="test_story_localised[it]" time="13.637" /><testcase classname="backend.tests.test_ecolens" name="test_story_localised[de]" time="11.448" /><testcase classname="backend.tests.test_ecolens" name="test_story_localised[pl]" time="14.815" /><testcase classname="backend.tests.test_ecolens" name="test_detail[glass-milk-bottle-A]" time="0.066" /><testcase classname="backend.tests.test_ecolens" name="test_detail[pet-water-bottle-D]" time="0.055" /><testcase classname="backend.tests.test_ecolens" name="test_detail[eps-meat-tray-E]" time="0.064" /><testcase classname="backend.tests.test_ecolens" name="test_detail_404" time="0.095" /><testcase classname="backend.tests.test_ecolens" name="test_compare" time="0.055" /><testcase classname="backend.tests.test_ecolens" name="test_compare_404" time="0.054" /><testcase classname="backend.tests.test_ecolens" name="test_story_generate_and_cache" time="10.221" /><testcase classname="backend.tests.test_ecolens" name="test_story_404" time="0.058" /><testcase classname="backend.tests.test_ecolens" name="test_create_submission" time="0.054" /><testcase classname="backend.tests.test_ecolens" name="test_get_submission" time="0.053" /><testcase classname="backend.tests.test_ecolens" name="test_get_submission_404" time="0.058" /><testcase classname="backend.tests.test_ecolens" name="test_submission_card_png" time="0.152" /></testsuite></testsuites>